Build started 07.09.2017 19:42:41.
     1>Project "C:\Users\Marek\Documents\GitHub\Fingerprints-Recognition\mgr\mgr\mgr.vcxproj" on node 2 (Build target(s)).
     1>ClCompile:
         C:\Program Files (x86)\Microsoft Visual Studio 12.0\VC\bin\x86_amd64\CL.exe /c /IC:\Ceemple\OpenCV4VS\include /Zi /nologo /W3 /WX- /sdl /Od /D _MBCS /Gm /EHsc /RTC1 /MDd /GS /fp:precise /Zc:wchar_t /Zc:forScope /Fo"x64\Debug\\" /Fd"x64\Debug\vc120.pdb" /Gd /TP /errorReport:prompt Detection.cpp
         Detection.cpp
     1>Detection.cpp(41): warning C4244: '=' : conversion from 'double' to 'float', possible loss of data
     1>Detection.cpp(86): warning C4244: '=' : conversion from 'double' to 'float', possible loss of data
     1>Detection.cpp(255): warning C4258: 'i' : definition from the for loop is ignored; the definition from the enclosing scope is used
                 Detection.cpp(243) : definition of 'i' ignored
                 Detection.cpp(113) : definition of 'i' used
     1>Detection.cpp(256): warning C4258: 'i' : definition from the for loop is ignored; the definition from the enclosing scope is used
                 Detection.cpp(243) : definition of 'i' ignored
                 Detection.cpp(113) : definition of 'i' used
     1>Detection.cpp(258): warning C4258: 'i' : definition from the for loop is ignored; the definition from the enclosing scope is used
                 Detection.cpp(243) : definition of 'i' ignored
                 Detection.cpp(113) : definition of 'i' used
       Link:
         C:\Program Files (x86)\Microsoft Visual Studio 12.0\VC\bin\x86_amd64\link.exe /ERRORREPORT:PROMPT /OUT:"C:\Users\Marek\Documents\GitHub\Fingerprints-Recognition\mgr\x64\Debug\mgr.exe" /INCREMENTAL /NOLOGO /LIBPATH:C:\Ceemple\OpenCV4VS\lib kernel32.lib user32.lib gdi32.lib winspool.lib comdlg32.lib advapi32.lib shell32.lib ole32.lib oleaut32.lib uuid.lib odbc32.lib odbccp32.lib kernel32.lib user32.lib gdi32.lib winspool.lib comdlg32.lib advapi32.lib shell32.lib ole32.lib oleaut32.lib uuid.lib odbc32.lib odbccp32.lib StatTimer.lib clBLAS.lib clFFT.lib opencv_calib3d300d.lib opencv_core300d.lib opencv_cuda300d.lib opencv_cudaarithm300d.lib opencv_cudabgsegm300d.lib opencv_cudacodec300d.lib opencv_cudafeatures2d300d.lib opencv_cudafilters300d.lib opencv_cudaimgproc300d.lib opencv_cudalegacy300d.lib opencv_cudaoptflow300d.lib opencv_cudastereo300d.lib opencv_cudawarping300d.lib opencv_cudev300d.lib opencv_features2d300d.lib opencv_flann300d.lib opencv_highgui300d.lib opencv_imgcodecs300d.lib opencv_imgproc300d.lib opencv_ml300d.lib opencv_objdetect300d.lib opencv_photo300d.lib opencv_shape300d.lib opencv_stitching300d.lib opencv_superres300d.lib opencv_ts300d.lib opencv_video300d.lib opencv_videoio300d.lib opencv_videostab300d.lib opengl32.lib glu32.lib /MANIFEST /MANIFESTUAC:"level='asInvoker' uiAccess='false'" /manifest:embed /DEBUG /PDB:"C:\Users\Marek\Documents\GitHub\Fingerprints-Recognition\mgr\x64\Debug\mgr.pdb" /TLBID:1 /DYNAMICBASE /NXCOMPAT /IMPLIB:"C:\Users\Marek\Documents\GitHub\Fingerprints-Recognition\mgr\x64\Debug\mgr.lib" /MACHINE:X64 x64\Debug\Detection.obj
         x64\Debug\FalseMinutiae.obj
         x64\Debug\FingerprintsRecognition.obj
         x64\Debug\GaborFilter.obj
         x64\Debug\main.obj
         x64\Debug\Preprocessing.obj
         x64\Debug\Thinning.obj
         mgr.vcxproj -> C:\Users\Marek\Documents\GitHub\Fingerprints-Recognition\mgr\x64\Debug\mgr.exe
     1>Done Building Project "C:\Users\Marek\Documents\GitHub\Fingerprints-Recognition\mgr\mgr\mgr.vcxproj" (Build target(s)).

Build succeeded.

Time Elapsed 00:00:02.15
